<?xml version="1.0" encoding="UTF-8"?>
<testsuite xmlns:xsi="http://www.w3.org/2001/XMLSchema-instance" xsi:noNamespaceSchemaLocation="https://maven.apache.org/surefire/maven-surefire-plugin/xsd/surefire-test-report.xsd" version="3.0.2" name="com.example.timeapi.TimeControllerTest" time="0.872" tests="1" errors="0" skipped="0" failures="0">
  <properties>
    <property name="java.specification.version" value="21"/>
    <property name="sun.jnu.encoding" value="UTF-8"/>
    <property name="java.class.path" value="/Users/simon/Workspace/_trash/claude-demo/target/test-classes:/Users/simon/Workspace/_trash/claude-demo/target/classes:/Users/simon/.m2/repository/org/springframework/boot/spring-boot-starter-web/3.5.0/spring-boot-starter-web-3.5.0.jar:/Users/simon/.m2/repository/org/springframework/boot/spring-boot-starter/3.5.0/spring-boot-starter-3.5.0.jar:/Users/simon/.m2/repository/org/springframework/boot/spring-boot/3.5.0/spring-boot-3.5.0.jar:/Users/simon/.m2/repository/org/springframework/boot/spring-boot-autoconfigure/3.5.0/spring-boot-autoconfigure-3.5.0.jar:/Users/simon/.m2/repository/org/springframework/boot/spring-boot-starter-logging/3.5.0/spring-boot-starter-logging-3.5.0.jar:/Users/simon/.m2/repository/ch/qos/logback/logback-classic/1.5.18/logback-classic-1.5.18.jar:/Users/simon/.m2/repository/ch/qos/logback/logback-core/1.5.18/logback-core-1.5.18.jar:/Users/simon/.m2/repository/org/apache/logging/log4j/log4j-to-slf4j/2.24.3/log4j-to-slf4j-2.24.3.jar:/Users/simon/.m2/repository/org/apache/logging/log4j/log4j-api/2.24.3/log4j-api-2.24.3.jar:/Users/simon/.m2/repository/org/slf4j/jul-to-slf4j/2.0.17/jul-to-slf4j-2.0.17.jar:/Users/simon/.m2/repository/jakarta/annotation/jakarta.annotation-api/2.1.1/jakarta.annotation-api-2.1.1.jar:/Users/simon/.m2/repository/org/yaml/snakeyaml/2.4/snakeyaml-2.4.jar:/Users/simon/.m2/repository/org/springframework/boot/spring-boot-starter-json/3.5.0/spring-boot-starter-json-3.5.0.jar:/Users/simon/.m2/repository/com/fasterxml/jackson/core/jackson-databind/2.19.0/jackson-databind-2.19.0.jar:/Users/simon/.m2/repository/com/fasterxml/jackson/core/jackson-annotations/2.19.0/jackson-annotations-2.19.0.jar:/Users/simon/.m2/repository/com/fasterxml/jackson/core/jackson-core/2.19.0/jackson-core-2.19.0.jar:/Users/simon/.m2/repository/com/fasterxml/jackson/datatype/jackson-datatype-jdk8/2.19.0/jackson-datatype-jdk8-2.19.0.jar:/Users/simon/.m2/repository/com/fasterxml/jackson/datatype/jackson-datatype-jsr310/2.19.0/jackson-datatype-jsr310-2.19.0.jar:/Users/simon/.m2/repository/com/fasterxml/jackson/module/jackson-module-parameter-names/2.19.0/jackson-module-parameter-names-2.19.0.jar:/Users/simon/.m2/repository/org/springframework/boot/spring-boot-starter-tomcat/3.5.0/spring-boot-starter-tomcat-3.5.0.jar:/Users/simon/.m2/repository/org/apache/tomcat/embed/tomcat-embed-core/10.1.41/tomcat-embed-core-10.1.41.jar:/Users/simon/.m2/repository/org/apache/tomcat/embed/tomcat-embed-el/10.1.41/tomcat-embed-el-10.1.41.jar:/Users/simon/.m2/repository/org/apache/tomcat/embed/tomcat-embed-websocket/10.1.41/tomcat-embed-websocket-10.1.41.jar:/Users/simon/.m2/repository/org/springframework/spring-web/6.2.7/spring-web-6.2.7.jar:/Users/simon/.m2/repository/org/springframework/spring-beans/6.2.7/spring-beans-6.2.7.jar:/Users/simon/.m2/repository/io/micrometer/micrometer-observation/1.15.0/micrometer-observation-1.15.0.jar:/Users/simon/.m2/repository/io/micrometer/micrometer-commons/1.15.0/micrometer-commons-1.15.0.jar:/Users/simon/.m2/repository/org/springframework/spring-webmvc/6.2.7/spring-webmvc-6.2.7.jar:/Users/simon/.m2/repository/org/springframework/spring-context/6.2.7/spring-context-6.2.7.jar:/Users/simon/.m2/repository/org/springframework/spring-expression/6.2.7/spring-expression-6.2.7.jar:/Users/simon/.m2/repository/org/springframework/boot/spring-boot-starter-security/3.5.0/spring-boot-starter-security-3.5.0.jar:/Users/simon/.m2/repository/org/springframework/spring-aop/6.2.7/spring-aop-6.2.7.jar:/Users/simon/.m2/repository/org/springframework/security/spring-security-config/6.5.0/spring-security-config-6.5.0.jar:/Users/simon/.m2/repository/org/springframework/security/spring-security-web/6.5.0/spring-security-web-6.5.0.jar:/Users/simon/.m2/repository/org/springframework/boot/spring-boot-starter-test/3.5.0/spring-boot-starter-test-3.5.0.jar:/Users/simon/.m2/repository/org/springframework/boot/spring-boot-test/3.5.0/spring-boot-test-3.5.0.jar:/Users/simon/.m2/repository/org/springframework/boot/spring-boot-test-autoconfigure/3.5.0/spring-boot-test-autoconfigure-3.5.0.jar:/Users/simon/.m2/repository/com/jayway/jsonpath/json-path/2.9.0/json-path-2.9.0.jar:/Users/simon/.m2/repository/org/slf4j/slf4j-api/2.0.17/slf4j-api-2.0.17.jar:/Users/simon/.m2/repository/jakarta/xml/bind/jakarta.xml.bind-api/4.0.2/jakarta.xml.bind-api-4.0.2.jar:/Users/simon/.m2/repository/jakarta/activation/jakarta.activation-api/2.1.3/jakarta.activation-api-2.1.3.jar:/Users/simon/.m2/repository/net/minidev/json-smart/2.5.2/json-smart-2.5.2.jar:/Users/simon/.m2/repository/net/minidev/accessors-smart/2.5.2/accessors-smart-2.5.2.jar:/Users/simon/.m2/repository/org/ow2/asm/asm/9.7.1/asm-9.7.1.jar:/Users/simon/.m2/repository/org/assertj/assertj-core/3.27.3/assertj-core-3.27.3.jar:/Users/simon/.m2/repository/net/bytebuddy/byte-buddy/1.17.5/byte-buddy-1.17.5.jar:/Users/simon/.m2/repository/org/awaitility/awaitility/4.3.0/awaitility-4.3.0.jar:/Users/simon/.m2/repository/org/hamcrest/hamcrest/3.0/hamcrest-3.0.jar:/Users/simon/.m2/repository/org/junit/jupiter/junit-jupiter/5.12.2/junit-jupiter-5.12.2.jar:/Users/simon/.m2/repository/org/junit/jupiter/junit-jupiter-api/5.12.2/junit-jupiter-api-5.12.2.jar:/Users/simon/.m2/repository/org/opentest4j/opentest4j/1.3.0/opentest4j-1.3.0.jar:/Users/simon/.m2/repository/org/junit/platform/junit-platform-commons/1.12.2/junit-platform-commons-1.12.2.jar:/Users/simon/.m2/repository/org/apiguardian/apiguardian-api/1.1.2/apiguardian-api-1.1.2.jar:/Users/simon/.m2/repository/org/junit/jupiter/junit-jupiter-params/5.12.2/junit-jupiter-params-5.12.2.jar:/Users/simon/.m2/repository/org/junit/jupiter/junit-jupiter-engine/5.12.2/junit-jupiter-engine-5.12.2.jar:/Users/simon/.m2/repository/org/junit/platform/junit-platform-engine/1.12.2/junit-platform-engine-1.12.2.jar:/Users/simon/.m2/repository/org/mockito/mockito-core/5.17.0/mockito-core-5.17.0.jar:/Users/simon/.m2/repository/net/bytebuddy/byte-buddy-agent/1.17.5/byte-buddy-agent-1.17.5.jar:/Users/simon/.m2/repository/org/objenesis/objenesis/3.3/objenesis-3.3.jar:/Users/simon/.m2/repository/org/mockito/mockito-junit-jupiter/5.17.0/mockito-junit-jupiter-5.17.0.jar:/Users/simon/.m2/repository/org/skyscreamer/jsonassert/1.5.3/jsonassert-1.5.3.jar:/Users/simon/.m2/repository/com/vaadin/external/google/android-json/0.0.20131108.vaadin1/android-json-0.0.20131108.vaadin1.jar:/Users/simon/.m2/repository/org/springframework/spring-core/6.2.7/spring-core-6.2.7.jar:/Users/simon/.m2/repository/org/springframework/spring-jcl/6.2.7/spring-jcl-6.2.7.jar:/Users/simon/.m2/repository/org/springframework/spring-test/6.2.7/spring-test-6.2.7.jar:/Users/simon/.m2/repository/org/xmlunit/xmlunit-core/2.10.1/xmlunit-core-2.10.1.jar:/Users/simon/.m2/repository/org/springframework/security/spring-security-test/6.5.0/spring-security-test-6.5.0.jar:/Users/simon/.m2/repository/org/springframework/security/spring-security-core/6.5.0/spring-security-core-6.5.0.jar:/Users/simon/.m2/repository/org/springframework/security/spring-security-crypto/6.5.0/spring-security-crypto-6.5.0.jar:"/>
    <property name="java.vm.vendor" value="Oracle Corporation"/>
    <property name="sun.arch.data.model" value="64"/>
    <property name="java.vendor.url" value="https://java.oracle.com/"/>
    <property name="user.timezone" value="Europe/Zurich"/>
    <property name="os.name" value="Mac OS X"/>
    <property name="java.vm.specification.version" value="21"/>
    <property name="sun.java.launcher" value="SUN_STANDARD"/>
    <property name="user.country" value="US"/>
    <property name="sun.boot.library.path" value="/Users/simon/.sdkman/candidates/java/21.0.7-oracle/lib"/>
    <property name="sun.java.command" value="/Users/simon/Workspace/_trash/claude-demo/target/surefire/surefirebooter-20250612170459429_3.jar /Users/simon/Workspace/_trash/claude-demo/target/surefire 2025-06-12T17-04-59_400-jvmRun1 surefire-20250612170459429_1tmp surefire_0-20250612170459429_2tmp"/>
    <property name="http.nonProxyHosts" value="local|*.local|169.254/16|*.169.254/16"/>
    <property name="jdk.debug" value="release"/>
    <property name="surefire.test.class.path" value="/Users/simon/Workspace/_trash/claude-demo/target/test-classes:/Users/simon/Workspace/_trash/claude-demo/target/classes:/Users/simon/.m2/repository/org/springframework/boot/spring-boot-starter-web/3.5.0/spring-boot-starter-web-3.5.0.jar:/Users/simon/.m2/repository/org/springframework/boot/spring-boot-starter/3.5.0/spring-boot-starter-3.5.0.jar:/Users/simon/.m2/repository/org/springframework/boot/spring-boot/3.5.0/spring-boot-3.5.0.jar:/Users/simon/.m2/repository/org/springframework/boot/spring-boot-autoconfigure/3.5.0/spring-boot-autoconfigure-3.5.0.jar:/Users/simon/.m2/repository/org/springframework/boot/spring-boot-starter-logging/3.5.0/spring-boot-starter-logging-3.5.0.jar:/Users/simon/.m2/repository/ch/qos/logback/logback-classic/1.5.18/logback-classic-1.5.18.jar:/Users/simon/.m2/repository/ch/qos/logback/logback-core/1.5.18/logback-core-1.5.18.jar:/Users/simon/.m2/repository/org/apache/logging/log4j/log4j-to-slf4j/2.24.3/log4j-to-slf4j-2.24.3.jar:/Users/simon/.m2/repository/org/apache/logging/log4j/log4j-api/2.24.3/log4j-api-2.24.3.jar:/Users/simon/.m2/repository/org/slf4j/jul-to-slf4j/2.0.17/jul-to-slf4j-2.0.17.jar:/Users/simon/.m2/repository/jakarta/annotation/jakarta.annotation-api/2.1.1/jakarta.annotation-api-2.1.1.jar:/Users/simon/.m2/repository/org/yaml/snakeyaml/2.4/snakeyaml-2.4.jar:/Users/simon/.m2/repository/org/springframework/boot/spring-boot-starter-json/3.5.0/spring-boot-starter-json-3.5.0.jar:/Users/simon/.m2/repository/com/fasterxml/jackson/core/jackson-databind/2.19.0/jackson-databind-2.19.0.jar:/Users/simon/.m2/repository/com/fasterxml/jackson/core/jackson-annotations/2.19.0/jackson-annotations-2.19.0.jar:/Users/simon/.m2/repository/com/fasterxml/jackson/core/jackson-core/2.19.0/jackson-core-2.19.0.jar:/Users/simon/.m2/repository/com/fasterxml/jackson/datatype/jackson-datatype-jdk8/2.19.0/jackson-datatype-jdk8-2.19.0.jar:/Users/simon/.m2/repository/com/fasterxml/jackson/datatype/jackson-datatype-jsr310/2.19.0/jackson-datatype-jsr310-2.19.0.jar:/Users/simon/.m2/repository/com/fasterxml/jackson/module/jackson-module-parameter-names/2.19.0/jackson-module-parameter-names-2.19.0.jar:/Users/simon/.m2/repository/org/springframework/boot/spring-boot-starter-tomcat/3.5.0/spring-boot-starter-tomcat-3.5.0.jar:/Users/simon/.m2/repository/org/apache/tomcat/embed/tomcat-embed-core/10.1.41/tomcat-embed-core-10.1.41.jar:/Users/simon/.m2/repository/org/apache/tomcat/embed/tomcat-embed-el/10.1.41/tomcat-embed-el-10.1.41.jar:/Users/simon/.m2/repository/org/apache/tomcat/embed/tomcat-embed-websocket/10.1.41/tomcat-embed-websocket-10.1.41.jar:/Users/simon/.m2/repository/org/springframework/spring-web/6.2.7/spring-web-6.2.7.jar:/Users/simon/.m2/repository/org/springframework/spring-beans/6.2.7/spring-beans-6.2.7.jar:/Users/simon/.m2/repository/io/micrometer/micrometer-observation/1.15.0/micrometer-observation-1.15.0.jar:/Users/simon/.m2/repository/io/micrometer/micrometer-commons/1.15.0/micrometer-commons-1.15.0.jar:/Users/simon/.m2/repository/org/springframework/spring-webmvc/6.2.7/spring-webmvc-6.2.7.jar:/Users/simon/.m2/repository/org/springframework/spring-context/6.2.7/spring-context-6.2.7.jar:/Users/simon/.m2/repository/org/springframework/spring-expression/6.2.7/spring-expression-6.2.7.jar:/Users/simon/.m2/repository/org/springframework/boot/spring-boot-starter-security/3.5.0/spring-boot-starter-security-3.5.0.jar:/Users/simon/.m2/repository/org/springframework/spring-aop/6.2.7/spring-aop-6.2.7.jar:/Users/simon/.m2/repository/org/springframework/security/spring-security-config/6.5.0/spring-security-config-6.5.0.jar:/Users/simon/.m2/repository/org/springframework/security/spring-security-web/6.5.0/spring-security-web-6.5.0.jar:/Users/simon/.m2/repository/org/springframework/boot/spring-boot-starter-test/3.5.0/spring-boot-starter-test-3.5.0.jar:/Users/simon/.m2/repository/org/springframework/boot/spring-boot-test/3.5.0/spring-boot-test-3.5.0.jar:/Users/simon/.m2/repository/org/springframework/boot/spring-boot-test-autoconfigure/3.5.0/spring-boot-test-autoconfigure-3.5.0.jar:/Users/simon/.m2/repository/com/jayway/jsonpath/json-path/2.9.0/json-path-2.9.0.jar:/Users/simon/.m2/repository/org/slf4j/slf4j-api/2.0.17/slf4j-api-2.0.17.jar:/Users/simon/.m2/repository/jakarta/xml/bind/jakarta.xml.bind-api/4.0.2/jakarta.xml.bind-api-4.0.2.jar:/Users/simon/.m2/repository/jakarta/activation/jakarta.activation-api/2.1.3/jakarta.activation-api-2.1.3.jar:/Users/simon/.m2/repository/net/minidev/json-smart/2.5.2/json-smart-2.5.2.jar:/Users/simon/.m2/repository/net/minidev/accessors-smart/2.5.2/accessors-smart-2.5.2.jar:/Users/simon/.m2/repository/org/ow2/asm/asm/9.7.1/asm-9.7.1.jar:/Users/simon/.m2/repository/org/assertj/assertj-core/3.27.3/assertj-core-3.27.3.jar:/Users/simon/.m2/repository/net/bytebuddy/byte-buddy/1.17.5/byte-buddy-1.17.5.jar:/Users/simon/.m2/repository/org/awaitility/awaitility/4.3.0/awaitility-4.3.0.jar:/Users/simon/.m2/repository/org/hamcrest/hamcrest/3.0/hamcrest-3.0.jar:/Users/simon/.m2/repository/org/junit/jupiter/junit-jupiter/5.12.2/junit-jupiter-5.12.2.jar:/Users/simon/.m2/repository/org/junit/jupiter/junit-jupiter-api/5.12.2/junit-jupiter-api-5.12.2.jar:/Users/simon/.m2/repository/org/opentest4j/opentest4j/1.3.0/opentest4j-1.3.0.jar:/Users/simon/.m2/repository/org/junit/platform/junit-platform-commons/1.12.2/junit-platform-commons-1.12.2.jar:/Users/simon/.m2/repository/org/apiguardian/apiguardian-api/1.1.2/apiguardian-api-1.1.2.jar:/Users/simon/.m2/repository/org/junit/jupiter/junit-jupiter-params/5.12.2/junit-jupiter-params-5.12.2.jar:/Users/simon/.m2/repository/org/junit/jupiter/junit-jupiter-engine/5.12.2/junit-jupiter-engine-5.12.2.jar:/Users/simon/.m2/repository/org/junit/platform/junit-platform-engine/1.12.2/junit-platform-engine-1.12.2.jar:/Users/simon/.m2/repository/org/mockito/mockito-core/5.17.0/mockito-core-5.17.0.jar:/Users/simon/.m2/repository/net/bytebuddy/byte-buddy-agent/1.17.5/byte-buddy-agent-1.17.5.jar:/Users/simon/.m2/repository/org/objenesis/objenesis/3.3/objenesis-3.3.jar:/Users/simon/.m2/repository/org/mockito/mockito-junit-jupiter/5.17.0/mockito-junit-jupiter-5.17.0.jar:/Users/simon/.m2/repository/org/skyscreamer/jsonassert/1.5.3/jsonassert-1.5.3.jar:/Users/simon/.m2/repository/com/vaadin/external/google/android-json/0.0.20131108.vaadin1/android-json-0.0.20131108.vaadin1.jar:/Users/simon/.m2/repository/org/springframework/spring-core/6.2.7/spring-core-6.2.7.jar:/Users/simon/.m2/repository/org/springframework/spring-jcl/6.2.7/spring-jcl-6.2.7.jar:/Users/simon/.m2/repository/org/springframework/spring-test/6.2.7/spring-test-6.2.7.jar:/Users/simon/.m2/repository/org/xmlunit/xmlunit-core/2.10.1/xmlunit-core-2.10.1.jar:/Users/simon/.m2/repository/org/springframework/security/spring-security-test/6.5.0/spring-security-test-6.5.0.jar:/Users/simon/.m2/repository/org/springframework/security/spring-security-core/6.5.0/spring-security-core-6.5.0.jar:/Users/simon/.m2/repository/org/springframework/security/spring-security-crypto/6.5.0/spring-security-crypto-6.5.0.jar:"/>
    <property name="sun.cpu.endian" value="little"/>
    <property name="user.home" value="/Users/simon"/>
    <property name="user.language" value="en"/>
    <property name="java.specification.vendor" value="Oracle Corporation"/>
    <property name="java.version.date" value="2025-04-15"/>
    <property name="java.home" value="/Users/simon/.sdkman/candidates/java/21.0.7-oracle"/>
    <property name="file.separator" value="/"/>
    <property name="basedir" value="/Users/simon/Workspace/_trash/claude-demo"/>
    <property name="java.vm.compressedOopsMode" value="Zero based"/>
    <property name="line.separator" value="&#10;"/>
    <property name="java.vm.specification.vendor" value="Oracle Corporation"/>
    <property name="java.specification.name" value="Java Platform API Specification"/>
    <property name="FILE_LOG_CHARSET" value="UTF-8"/>
    <property name="java.awt.headless" value="true"/>
    <property name="apple.awt.application.name" value="ForkedBooter"/>
    <property name="surefire.real.class.path" value="/Users/simon/Workspace/_trash/claude-demo/target/surefire/surefirebooter-20250612170459429_3.jar"/>
    <property name="sun.management.compiler" value="HotSpot 64-Bit Tiered Compilers"/>
    <property name="ftp.nonProxyHosts" value="local|*.local|169.254/16|*.169.254/16"/>
    <property name="java.runtime.version" value="21.0.7+8-LTS-245"/>
    <property name="user.name" value="simon"/>
    <property name="stdout.encoding" value="UTF-8"/>
    <property name="path.separator" value=":"/>
    <property name="os.version" value="15.5"/>
    <property name="java.runtime.name" value="Java(TM) SE Runtime Environment"/>
    <property name="file.encoding" value="UTF-8"/>
    <property name="java.vm.name" value="Java HotSpot(TM) 64-Bit Server VM"/>
    <property name="localRepository" value="/Users/simon/.m2/repository"/>
    <property name="java.vendor.url.bug" value="https://bugreport.java.com/bugreport/"/>
    <property name="java.io.tmpdir" value="/var/folders/1c/dtwjbzt1147br785kxj8v6ph0000gn/T/"/>
    <property name="java.version" value="21.0.7"/>
    <property name="user.dir" value="/Users/simon/Workspace/_trash/claude-demo"/>
    <property name="os.arch" value="aarch64"/>
    <property name="java.vm.specification.name" value="Java Virtual Machine Specification"/>
    <property name="PID" value="71313"/>
    <property name="CONSOLE_LOG_CHARSET" value="UTF-8"/>
    <property name="native.encoding" value="UTF-8"/>
    <property name="java.library.path" value="/Users/simon/Library/Java/Extensions:/Library/Java/Extensions:/Network/Library/Java/Extensions:/System/Library/Java/Extensions:/usr/lib/java:."/>
    <property name="java.vm.info" value="mixed mode, sharing"/>
    <property name="stderr.encoding" value="UTF-8"/>
    <property name="java.vendor" value="Oracle Corporation"/>
    <property name="java.vm.version" value="21.0.7+8-LTS-245"/>
    <property name="sun.io.unicode.encoding" value="UnicodeBig"/>
    <property name="socksNonProxyHosts" value="local|*.local|169.254/16|*.169.254/16"/>
    <property name="java.class.version" value="65.0"/>
  </properties>
  <testcase name="getCurrentTime_ShouldReturnFormattedDateTime" classname="com.example.timeapi.TimeControllerTest" time="0.327">
    <system-out><![CDATA[17:04:59.675 [main] INFO org.springframework.test.context.support.AnnotationConfigContextLoaderUtils -- Could not detect default configuration classes for test class [com.example.timeapi.TimeControllerTest]: TimeControllerTest does not declare any static, non-private, non-final, nested classes annotated with @Configuration.
17:04:59.725 [main] INFO org.springframework.boot.test.context.SpringBootTestContextBootstrapper -- Found @SpringBootConfiguration com.example.timeapi.TimeApiApplication for test class com.example.timeapi.TimeControllerTest

  .   ____          _            __ _ _
 /\\ / ___'_ __ _ _(_)_ __  __ _ \ \ \ \
( ( )\___ | '_ | '_| | '_ \/ _` | \ \ \ \
 \\/  ___)| |_)| | | | | || (_| |  ) ) ) )
  '  |____| .__|_| |_|_| |_\__, | / / / /
 =========|_|==============|___/=/_/_/_/

 :: Spring Boot ::                (v3.5.0)

2025-06-12T17:04:59.851+02:00  INFO 71313 --- [           main] com.example.timeapi.TimeControllerTest   : Starting TimeControllerTest using Java 21.0.7 with PID 71313 (started by simon in /Users/simon/Workspace/_trash/claude-demo)
2025-06-12T17:04:59.852+02:00  INFO 71313 --- [           main] com.example.timeapi.TimeControllerTest   : No active profile set, falling back to 1 default profile: "default"
2025-06-12T17:05:00.112+02:00  WARN 71313 --- [           main] .s.s.UserDetailsServiceAutoConfiguration : 

Using generated security password: 82a745d1-b5e3-4474-889d-d8f494ccac15

This generated password is for development use only. Your security configuration must be updated before running your application in production.

2025-06-12T17:05:00.114+02:00  INFO 71313 --- [           main] r$InitializeUserDetailsManagerConfigurer : Global AuthenticationManager configured with UserDetailsService bean with name inMemoryUserDetailsManager
2025-06-12T17:05:00.156+02:00  INFO 71313 --- [           main] o.s.b.t.m.w.SpringBootMockServletContext : Initializing Spring TestDispatcherServlet ''
2025-06-12T17:05:00.156+02:00  INFO 71313 --- [           main] o.s.t.web.servlet.TestDispatcherServlet  : Initializing Servlet ''
2025-06-12T17:05:00.156+02:00  INFO 71313 --- [           main] o.s.t.web.servlet.TestDispatcherServlet  : Completed initialization in 0 ms
2025-06-12T17:05:00.165+02:00  INFO 71313 --- [           main] com.example.timeapi.TimeControllerTest   : Started TimeControllerTest in 0.419 seconds (process running for 0.707)
]]></system-out>
    <system-err><![CDATA[Mockito is currently self-attaching to enable the inline-mock-maker. This will no longer work in future releases of the JDK. Please add Mockito as an agent to your build as described in Mockito's documentation: https://javadoc.io/doc/org.mockito/mockito-core/latest/org.mockito/org/mockito/Mockito.html#0.3
WARNING: A Java agent has been loaded dynamically (/Users/simon/.m2/repository/net/bytebuddy/byte-buddy-agent/1.17.5/byte-buddy-agent-1.17.5.jar)
WARNING: If a serviceability tool is in use, please run with -XX:+EnableDynamicAgentLoading to hide this warning
WARNING: If a serviceability tool is not in use, please run with -Djdk.instrument.traceUsage for more information
WARNING: Dynamic loading of agents will be disallowed by default in a future release
]]></system-err>
  </testcase>
</testsuite>